/u/k/a/karu/courses/cs552/spring2013/handouts/testprograms/public/rand_ldst/ldld.asm FAILED
/u/k/a/karu/courses/cs552/spring2013/handouts/testprograms/public/rand_ldst/ldld_rand_large.asm FAILED
/u/k/a/karu/courses/cs552/spring2013/handouts/testprograms/public/rand_ldst/ldld_rand_large_1.asm FAILED
/u/k/a/karu/courses/cs552/spring2013/handouts/testprograms/public/rand_ldst/ldld_rand_large_2.asm FAILED
/u/k/a/karu/courses/cs552/spring2013/handouts/testprograms/public/rand_ldst/ldld_rand_large_3.asm FAILED
/u/k/a/karu/courses/cs552/spring2013/handouts/testprograms/public/rand_ldst/ldld_rand_large_4.asm FAILED
/u/k/a/karu/courses/cs552/spring2013/handouts/testprograms/public/rand_ldst/ldld_rand_large_5.asm FAILED
/u/k/a/karu/courses/cs552/spring2013/handouts/testprograms/public/rand_ldst/ldld_rand_large_6.asm FAILED
/u/k/a/karu/courses/cs552/spring2013/handouts/testprograms/public/rand_ldst/ldld_rand_large_7.asm FAILED
/u/k/a/karu/courses/cs552/spring2013/handouts/testprograms/public/rand_ldst/ldld_rand_large_8.asm FAILED
/u/k/a/karu/courses/cs552/spring2013/handouts/testprograms/public/rand_ldst/ldld_rand_large_9.asm FAILED
/u/k/a/karu/courses/cs552/spring2013/handouts/testprograms/public/rand_ldst/ldld_rand_small.asm FAILED
/u/k/a/karu/courses/cs552/spring2013/handouts/testprograms/public/rand_ldst/ldld_rand_small_1.asm FAILED
/u/k/a/karu/courses/cs552/spring2013/handouts/testprograms/public/rand_ldst/ldld_rand_small_2.asm FAILED
/u/k/a/karu/courses/cs552/spring2013/handouts/testprograms/public/rand_ldst/ldld_rand_small_3.asm FAILED
/u/k/a/karu/courses/cs552/spring2013/handouts/testprograms/public/rand_ldst/ldld_rand_small_4.asm FAILED
/u/k/a/karu/courses/cs552/spring2013/handouts/testprograms/public/rand_ldst/ldld_rand_small_5.asm FAILED
/u/k/a/karu/courses/cs552/spring2013/handouts/testprograms/public/rand_ldst/ldld_rand_small_6.asm FAILED
/u/k/a/karu/courses/cs552/spring2013/handouts/testprograms/public/rand_ldst/ldld_rand_small_7.asm FAILED
/u/k/a/karu/courses/cs552/spring2013/handouts/testprograms/public/rand_ldst/ldld_rand_small_8.asm FAILED
/u/k/a/karu/courses/cs552/spring2013/handouts/testprograms/public/rand_ldst/ldld_rand_small_9.asm FAILED
/u/k/a/karu/courses/cs552/spring2013/handouts/testprograms/public/rand_ldst/ldst.asm FAILED
/u/k/a/karu/courses/cs552/spring2013/handouts/testprograms/public/rand_ldst/ldst_rand_large.asm FAILED
/u/k/a/karu/courses/cs552/spring2013/handouts/testprograms/public/rand_ldst/ldst_rand_large_1.asm FAILED
/u/k/a/karu/courses/cs552/spring2013/handouts/testprograms/public/rand_ldst/ldst_rand_large_2.asm FAILED
/u/k/a/karu/courses/cs552/spring2013/handouts/testprograms/public/rand_ldst/ldst_rand_large_3.asm FAILED
/u/k/a/karu/courses/cs552/spring2013/handouts/testprograms/public/rand_ldst/ldst_rand_large_4.asm FAILED
/u/k/a/karu/courses/cs552/spring2013/handouts/testprograms/public/rand_ldst/ldst_rand_large_5.asm FAILED
/u/k/a/karu/courses/cs552/spring2013/handouts/testprograms/public/rand_ldst/ldst_rand_large_6.asm FAILED
/u/k/a/karu/courses/cs552/spring2013/handouts/testprograms/public/rand_ldst/ldst_rand_large_7.asm FAILED
/u/k/a/karu/courses/cs552/spring2013/handouts/testprograms/public/rand_ldst/ldst_rand_large_8.asm FAILED
/u/k/a/karu/courses/cs552/spring2013/handouts/testprograms/public/rand_ldst/ldst_rand_large_9.asm FAILED
/u/k/a/karu/courses/cs552/spring2013/handouts/testprograms/public/rand_ldst/ldst_rand_small.asm FAILED
/u/k/a/karu/courses/cs552/spring2013/handouts/testprograms/public/rand_ldst/ldst_rand_small_1.asm FAILED
/u/k/a/karu/courses/cs552/spring2013/handouts/testprograms/public/rand_ldst/ldst_rand_small_2.asm FAILED
/u/k/a/karu/courses/cs552/spring2013/handouts/testprograms/public/rand_ldst/ldst_rand_small_3.asm FAILED
/u/k/a/karu/courses/cs552/spring2013/handouts/testprograms/public/rand_ldst/ldst_rand_small_4.asm FAILED
/u/k/a/karu/courses/cs552/spring2013/handouts/testprograms/public/rand_ldst/ldst_rand_small_5.asm FAILED
/u/k/a/karu/courses/cs552/spring2013/handouts/testprograms/public/rand_ldst/ldst_rand_small_6.asm FAILED
/u/k/a/karu/courses/cs552/spring2013/handouts/testprograms/public/rand_ldst/ldst_rand_small_7.asm FAILED
/u/k/a/karu/courses/cs552/spring2013/handouts/testprograms/public/rand_ldst/ldst_rand_small_8.asm FAILED
/u/k/a/karu/courses/cs552/spring2013/handouts/testprograms/public/rand_ldst/ldst_rand_small_9.asm FAILED
/u/k/a/karu/courses/cs552/spring2013/handouts/testprograms/public/rand_ldst/rpt_ld_test_0.asm FAILED
/u/k/a/karu/courses/cs552/spring2013/handouts/testprograms/public/rand_ldst/rpt_ld_test_1.asm FAILED
/u/k/a/karu/courses/cs552/spring2013/handouts/testprograms/public/rand_ldst/rpt_reg_test_0.asm RELAX-PASS
/u/k/a/karu/courses/cs552/spring2013/handouts/testprograms/public/rand_ldst/rpt_reg_test_1.asm SUCCESS CPI:13.4 CYCLES:94 ICOUNT:7 IHITRATE: 87.1 DHITRATE: 0
/u/k/a/karu/courses/cs552/spring2013/handouts/testprograms/public/rand_ldst/rpt_st_test_0.asm RELAX-PASS
/u/k/a/karu/courses/cs552/spring2013/handouts/testprograms/public/rand_ldst/rpt_st_test_1.asm RELAX-PASS
