/u/k/a/karu/courses/cs552/spring2013/handouts/testprograms/public/rand_final/ldld_rand_large.asm SUCCESS CPI:4.5 CYCLES:4634 ICOUNT:1035 IHITRATE: 0 DHITRATE: 0
/u/k/a/karu/courses/cs552/spring2013/handouts/testprograms/public/rand_final/ldld_rand_small.asm SUCCESS CPI:4.5 CYCLES:4634 ICOUNT:1035 IHITRATE: 0 DHITRATE: 0
/u/k/a/karu/courses/cs552/spring2013/handouts/testprograms/public/rand_final/ldst_rand_large.asm FAILED
/u/k/a/karu/courses/cs552/spring2013/handouts/testprograms/public/rand_final/ldst_rand_small.asm FAILED
/u/k/a/karu/courses/cs552/spring2013/handouts/testprograms/public/rand_final/t_100_all.asm FAILED
/u/k/a/karu/courses/cs552/spring2013/handouts/testprograms/public/rand_final/t_100_ctrl.asm FAILED
/u/k/a/karu/courses/cs552/spring2013/handouts/testprograms/public/rand_final/t_100_icache.asm SUCCESS CPI:21.4 CYCLES:1220 ICOUNT:57 IHITRATE: 0 DHITRATE: 0
/u/k/a/karu/courses/cs552/spring2013/handouts/testprograms/public/rand_final/t_100_idcache.asm FAILED
/u/k/a/karu/courses/cs552/spring2013/handouts/testprograms/public/rand_final/t_100_mem.asm FAILED
/u/k/a/karu/courses/cs552/spring2013/handouts/testprograms/public/rand_final/t_101_all.asm FAILED
/u/k/a/karu/courses/cs552/spring2013/handouts/testprograms/public/rand_final/t_101_ctrl.asm FAILED
/u/k/a/karu/courses/cs552/spring2013/handouts/testprograms/public/rand_final/t_101_icache.asm SUCCESS CPI:23.0 CYCLES:1220 ICOUNT:53 IHITRATE: 0 DHITRATE: 0
/u/k/a/karu/courses/cs552/spring2013/handouts/testprograms/public/rand_final/t_101_idcache.asm FAILED
/u/k/a/karu/courses/cs552/spring2013/handouts/testprograms/public/rand_final/t_101_mem.asm FAILED
/u/k/a/karu/courses/cs552/spring2013/handouts/testprograms/public/rand_final/t_102_all.asm FAILED
/u/k/a/karu/courses/cs552/spring2013/handouts/testprograms/public/rand_final/t_102_ctrl.asm FAILED
/u/k/a/karu/courses/cs552/spring2013/handouts/testprograms/public/rand_final/t_102_icache.asm SUCCESS CPI:24.9 CYCLES:1220 ICOUNT:49 IHITRATE: 0 DHITRATE: 0
/u/k/a/karu/courses/cs552/spring2013/handouts/testprograms/public/rand_final/t_102_idcache.asm FAILED
/u/k/a/karu/courses/cs552/spring2013/handouts/testprograms/public/rand_final/t_102_mem.asm FAILED
/u/k/a/karu/courses/cs552/spring2013/handouts/testprograms/public/rand_final/t_103_all.asm FAILED
/u/k/a/karu/courses/cs552/spring2013/handouts/testprograms/public/rand_final/t_103_ctrl.asm FAILED
/u/k/a/karu/courses/cs552/spring2013/handouts/testprograms/public/rand_final/t_103_icache.asm SUCCESS CPI:21.8 CYCLES:1220 ICOUNT:56 IHITRATE: 0 DHITRATE: 0
/u/k/a/karu/courses/cs552/spring2013/handouts/testprograms/public/rand_final/t_103_idcache.asm FAILED
/u/k/a/karu/courses/cs552/spring2013/handouts/testprograms/public/rand_final/t_103_mem.asm FAILED
/u/k/a/karu/courses/cs552/spring2013/handouts/testprograms/public/rand_final/t_104_all.asm FAILED
/u/k/a/karu/courses/cs552/spring2013/handouts/testprograms/public/rand_final/t_104_ctrl.asm FAILED
/u/k/a/karu/courses/cs552/spring2013/handouts/testprograms/public/rand_final/t_104_icache.asm SUCCESS CPI:20.7 CYCLES:1220 ICOUNT:59 IHITRATE: 0 DHITRATE: 0
/u/k/a/karu/courses/cs552/spring2013/handouts/testprograms/public/rand_final/t_104_idcache.asm FAILED
/u/k/a/karu/courses/cs552/spring2013/handouts/testprograms/public/rand_final/t_104_mem.asm FAILED
/u/k/a/karu/courses/cs552/spring2013/handouts/testprograms/public/rand_final/t_105_all.asm FAILED
/u/k/a/karu/courses/cs552/spring2013/handouts/testprograms/public/rand_final/t_105_ctrl.asm FAILED
/u/k/a/karu/courses/cs552/spring2013/handouts/testprograms/public/rand_final/t_105_icache.asm SUCCESS CPI:24.9 CYCLES:1220 ICOUNT:49 IHITRATE: 0 DHITRATE: 0
/u/k/a/karu/courses/cs552/spring2013/handouts/testprograms/public/rand_final/t_105_idcache.asm FAILED
/u/k/a/karu/courses/cs552/spring2013/handouts/testprograms/public/rand_final/t_105_mem.asm FAILED
/u/k/a/karu/courses/cs552/spring2013/handouts/testprograms/public/rand_final/t_106_all.asm FAILED
/u/k/a/karu/courses/cs552/spring2013/handouts/testprograms/public/rand_final/t_106_ctrl.asm FAILED
/u/k/a/karu/courses/cs552/spring2013/handouts/testprograms/public/rand_final/t_106_icache.asm SUCCESS CPI:21.8 CYCLES:1220 ICOUNT:56 IHITRATE: 0 DHITRATE: 0
/u/k/a/karu/courses/cs552/spring2013/handouts/testprograms/public/rand_final/t_106_idcache.asm FAILED
/u/k/a/karu/courses/cs552/spring2013/handouts/testprograms/public/rand_final/t_106_mem.asm FAILED
/u/k/a/karu/courses/cs552/spring2013/handouts/testprograms/public/rand_final/t_107_all.asm FAILED
/u/k/a/karu/courses/cs552/spring2013/handouts/testprograms/public/rand_final/t_107_ctrl.asm FAILED
/u/k/a/karu/courses/cs552/spring2013/handouts/testprograms/public/rand_final/t_107_icache.asm SUCCESS CPI:23.5 CYCLES:1220 ICOUNT:52 IHITRATE: 0 DHITRATE: 0
/u/k/a/karu/courses/cs552/spring2013/handouts/testprograms/public/rand_final/t_107_idcache.asm FAILED
/u/k/a/karu/courses/cs552/spring2013/handouts/testprograms/public/rand_final/t_107_mem.asm FAILED
/u/k/a/karu/courses/cs552/spring2013/handouts/testprograms/public/rand_final/t_108_all.asm FAILED
/u/k/a/karu/courses/cs552/spring2013/handouts/testprograms/public/rand_final/t_108_ctrl.asm FAILED
/u/k/a/karu/courses/cs552/spring2013/handouts/testprograms/public/rand_final/t_108_icache.asm SUCCESS CPI:20.0 CYCLES:1220 ICOUNT:61 IHITRATE: 0 DHITRATE: 0
/u/k/a/karu/courses/cs552/spring2013/handouts/testprograms/public/rand_final/t_108_idcache.asm FAILED
/u/k/a/karu/courses/cs552/spring2013/handouts/testprograms/public/rand_final/t_108_mem.asm FAILED
/u/k/a/karu/courses/cs552/spring2013/handouts/testprograms/public/rand_final/t_109_all.asm FAILED
/u/k/a/karu/courses/cs552/spring2013/handouts/testprograms/public/rand_final/t_109_ctrl.asm FAILED
/u/k/a/karu/courses/cs552/spring2013/handouts/testprograms/public/rand_final/t_109_icache.asm SUCCESS CPI:24.4 CYCLES:1220 ICOUNT:50 IHITRATE: 0 DHITRATE: 0
/u/k/a/karu/courses/cs552/spring2013/handouts/testprograms/public/rand_final/t_109_idcache.asm FAILED
/u/k/a/karu/courses/cs552/spring2013/handouts/testprograms/public/rand_final/t_109_mem.asm FAILED
/u/k/a/karu/courses/cs552/spring2013/handouts/testprograms/public/rand_final/t_10_mem.asm FAILED
/u/k/a/karu/courses/cs552/spring2013/handouts/testprograms/public/rand_final/t_110_all.asm FAILED
/u/k/a/karu/courses/cs552/spring2013/handouts/testprograms/public/rand_final/t_110_ctrl.asm FAILED
/u/k/a/karu/courses/cs552/spring2013/handouts/testprograms/public/rand_final/t_110_icache.asm SUCCESS CPI:24.9 CYCLES:1220 ICOUNT:49 IHITRATE: 0 DHITRATE: 0
/u/k/a/karu/courses/cs552/spring2013/handouts/testprograms/public/rand_final/t_110_idcache.asm FAILED
/u/k/a/karu/courses/cs552/spring2013/handouts/testprograms/public/rand_final/t_110_mem.asm FAILED
/u/k/a/karu/courses/cs552/spring2013/handouts/testprograms/public/rand_final/t_111_all.asm FAILED
/u/k/a/karu/courses/cs552/spring2013/handouts/testprograms/public/rand_final/t_111_ctrl.asm FAILED
/u/k/a/karu/courses/cs552/spring2013/handouts/testprograms/public/rand_final/t_111_icache.asm SUCCESS CPI:21.4 CYCLES:1220 ICOUNT:57 IHITRATE: 0 DHITRATE: 0
/u/k/a/karu/courses/cs552/spring2013/handouts/testprograms/public/rand_final/t_111_idcache.asm FAILED
/u/k/a/karu/courses/cs552/spring2013/handouts/testprograms/public/rand_final/t_111_mem.asm FAILED
/u/k/a/karu/courses/cs552/spring2013/handouts/testprograms/public/rand_final/t_112_all.asm FAILED
/u/k/a/karu/courses/cs552/spring2013/handouts/testprograms/public/rand_final/t_112_ctrl.asm FAILED
/u/k/a/karu/courses/cs552/spring2013/handouts/testprograms/public/rand_final/t_112_icache.asm SUCCESS CPI:20.7 CYCLES:1220 ICOUNT:59 IHITRATE: 0 DHITRATE: 0
/u/k/a/karu/courses/cs552/spring2013/handouts/testprograms/public/rand_final/t_112_idcache.asm FAILED
/u/k/a/karu/courses/cs552/spring2013/handouts/testprograms/public/rand_final/t_112_mem.asm FAILED
/u/k/a/karu/courses/cs552/spring2013/handouts/testprograms/public/rand_final/t_113_all.asm FAILED
/u/k/a/karu/courses/cs552/spring2013/handouts/testprograms/public/rand_final/t_113_ctrl.asm FAILED
/u/k/a/karu/courses/cs552/spring2013/handouts/testprograms/public/rand_final/t_113_icache.asm SUCCESS CPI:24.4 CYCLES:1220 ICOUNT:50 IHITRATE: 0 DHITRATE: 0
/u/k/a/karu/courses/cs552/spring2013/handouts/testprograms/public/rand_final/t_113_idcache.asm FAILED
/u/k/a/karu/courses/cs552/spring2013/handouts/testprograms/public/rand_final/t_113_mem.asm FAILED
/u/k/a/karu/courses/cs552/spring2013/handouts/testprograms/public/rand_final/t_114_all.asm FAILED
/u/k/a/karu/courses/cs552/spring2013/handouts/testprograms/public/rand_final/t_114_ctrl.asm FAILED
/u/k/a/karu/courses/cs552/spring2013/handouts/testprograms/public/rand_final/t_114_icache.asm SUCCESS CPI:20.0 CYCLES:1220 ICOUNT:61 IHITRATE: 0 DHITRATE: 0
/u/k/a/karu/courses/cs552/spring2013/handouts/testprograms/public/rand_final/t_114_idcache.asm FAILED
/u/k/a/karu/courses/cs552/spring2013/handouts/testprograms/public/rand_final/t_114_mem.asm FAILED
/u/k/a/karu/courses/cs552/spring2013/handouts/testprograms/public/rand_final/t_115_all.asm FAILED
/u/k/a/karu/courses/cs552/spring2013/handouts/testprograms/public/rand_final/t_115_ctrl.asm FAILED
/u/k/a/karu/courses/cs552/spring2013/handouts/testprograms/public/rand_final/t_115_icache.asm SUCCESS CPI:24.9 CYCLES:1220 ICOUNT:49 IHITRATE: 0 DHITRATE: 0
/u/k/a/karu/courses/cs552/spring2013/handouts/testprograms/public/rand_final/t_115_idcache.asm FAILED
/u/k/a/karu/courses/cs552/spring2013/handouts/testprograms/public/rand_final/t_115_mem.asm FAILED
/u/k/a/karu/courses/cs552/spring2013/handouts/testprograms/public/rand_final/t_116_all.asm FAILED
/u/k/a/karu/courses/cs552/spring2013/handouts/testprograms/public/rand_final/t_116_ctrl.asm FAILED
/u/k/a/karu/courses/cs552/spring2013/handouts/testprograms/public/rand_final/t_116_icache.asm SUCCESS CPI:26.0 CYCLES:1220 ICOUNT:47 IHITRATE: 0 DHITRATE: 0
/u/k/a/karu/courses/cs552/spring2013/handouts/testprograms/public/rand_final/t_116_idcache.asm FAILED
/u/k/a/karu/courses/cs552/spring2013/handouts/testprograms/public/rand_final/t_116_mem.asm FAILED
/u/k/a/karu/courses/cs552/spring2013/handouts/testprograms/public/rand_final/t_117_all.asm FAILED
/u/k/a/karu/courses/cs552/spring2013/handouts/testprograms/public/rand_final/t_117_ctrl.asm FAILED
/u/k/a/karu/courses/cs552/spring2013/handouts/testprograms/public/rand_final/t_117_icache.asm SUCCESS CPI:21.4 CYCLES:1220 ICOUNT:57 IHITRATE: 0 DHITRATE: 0
/u/k/a/karu/courses/cs552/spring2013/handouts/testprograms/public/rand_final/t_117_idcache.asm FAILED
/u/k/a/karu/courses/cs552/spring2013/handouts/testprograms/public/rand_final/t_117_mem.asm FAILED
/u/k/a/karu/courses/cs552/spring2013/handouts/testprograms/public/rand_final/t_118_all.asm FAILED
/u/k/a/karu/courses/cs552/spring2013/handouts/testprograms/public/rand_final/t_118_ctrl.asm FAILED
/u/k/a/karu/courses/cs552/spring2013/handouts/testprograms/public/rand_final/t_118_icache.asm SUCCESS CPI:22.2 CYCLES:1220 ICOUNT:55 IHITRATE: 0 DHITRATE: 0
/u/k/a/karu/courses/cs552/spring2013/handouts/testprograms/public/rand_final/t_118_idcache.asm FAILED
/u/k/a/karu/courses/cs552/spring2013/handouts/testprograms/public/rand_final/t_118_mem.asm FAILED
/u/k/a/karu/courses/cs552/spring2013/handouts/testprograms/public/rand_final/t_119_all.asm FAILED
/u/k/a/karu/courses/cs552/spring2013/handouts/testprograms/public/rand_final/t_119_ctrl.asm FAILED
/u/k/a/karu/courses/cs552/spring2013/handouts/testprograms/public/rand_final/t_119_icache.asm SUCCESS CPI:19.7 CYCLES:1220 ICOUNT:62 IHITRATE: 0 DHITRATE: 0
/u/k/a/karu/courses/cs552/spring2013/handouts/testprograms/public/rand_final/t_119_idcache.asm FAILED
/u/k/a/karu/courses/cs552/spring2013/handouts/testprograms/public/rand_final/t_119_mem.asm FAILED
/u/k/a/karu/courses/cs552/spring2013/handouts/testprograms/public/rand_final/t_11_mem.asm FAILED
/u/k/a/karu/courses/cs552/spring2013/handouts/testprograms/public/rand_final/t_120_all.asm FAILED
/u/k/a/karu/courses/cs552/spring2013/handouts/testprograms/public/rand_final/t_120_ctrl.asm FAILED
/u/k/a/karu/courses/cs552/spring2013/handouts/testprograms/public/rand_final/t_120_icache.asm SUCCESS CPI:21.8 CYCLES:1220 ICOUNT:56 IHITRATE: 0 DHITRATE: 0
/u/k/a/karu/courses/cs552/spring2013/handouts/testprograms/public/rand_final/t_120_idcache.asm FAILED
/u/k/a/karu/courses/cs552/spring2013/handouts/testprograms/public/rand_final/t_120_mem.asm FAILED
/u/k/a/karu/courses/cs552/spring2013/handouts/testprograms/public/rand_final/t_121_all.asm FAILED
/u/k/a/karu/courses/cs552/spring2013/handouts/testprograms/public/rand_final/t_122_all.asm FAILED
/u/k/a/karu/courses/cs552/spring2013/handouts/testprograms/public/rand_final/t_123_all.asm FAILED
/u/k/a/karu/courses/cs552/spring2013/handouts/testprograms/public/rand_final/t_124_all.asm FAILED
/u/k/a/karu/courses/cs552/spring2013/handouts/testprograms/public/rand_final/t_125_all.asm FAILED
/u/k/a/karu/courses/cs552/spring2013/handouts/testprograms/public/rand_final/t_126_all.asm FAILED
/u/k/a/karu/courses/cs552/spring2013/handouts/testprograms/public/rand_final/t_127_all.asm FAILED
/u/k/a/karu/courses/cs552/spring2013/handouts/testprograms/public/rand_final/t_128_all.asm FAILED
/u/k/a/karu/courses/cs552/spring2013/handouts/testprograms/public/rand_final/t_129_all.asm FAILED
/u/k/a/karu/courses/cs552/spring2013/handouts/testprograms/public/rand_final/t_12_mem.asm FAILED
/u/k/a/karu/courses/cs552/spring2013/handouts/testprograms/public/rand_final/t_130_all.asm FAILED
/u/k/a/karu/courses/cs552/spring2013/handouts/testprograms/public/rand_final/t_131_all.asm FAILED
/u/k/a/karu/courses/cs552/spring2013/handouts/testprograms/public/rand_final/t_132_all.asm FAILED
/u/k/a/karu/courses/cs552/spring2013/handouts/testprograms/public/rand_final/t_133_all.asm FAILED
/u/k/a/karu/courses/cs552/spring2013/handouts/testprograms/public/rand_final/t_134_all.asm FAILED
/u/k/a/karu/courses/cs552/spring2013/handouts/testprograms/public/rand_final/t_135_all.asm FAILED
/u/k/a/karu/courses/cs552/spring2013/handouts/testprograms/public/rand_final/t_136_all.asm FAILED
/u/k/a/karu/courses/cs552/spring2013/handouts/testprograms/public/rand_final/t_137_all.asm FAILED
/u/k/a/karu/courses/cs552/spring2013/handouts/testprograms/public/rand_final/t_138_all.asm FAILED
/u/k/a/karu/courses/cs552/spring2013/handouts/testprograms/public/rand_final/t_139_all.asm FAILED
/u/k/a/karu/courses/cs552/spring2013/handouts/testprograms/public/rand_final/t_13_mem.asm FAILED
/u/k/a/karu/courses/cs552/spring2013/handouts/testprograms/public/rand_final/t_140_all.asm FAILED
/u/k/a/karu/courses/cs552/spring2013/handouts/testprograms/public/rand_final/t_141_all.asm FAILED
/u/k/a/karu/courses/cs552/spring2013/handouts/testprograms/public/rand_final/t_142_all.asm FAILED
/u/k/a/karu/courses/cs552/spring2013/handouts/testprograms/public/rand_final/t_143_all.asm FAILED
/u/k/a/karu/courses/cs552/spring2013/handouts/testprograms/public/rand_final/t_144_all.asm FAILED
/u/k/a/karu/courses/cs552/spring2013/handouts/testprograms/public/rand_final/t_145_all.asm FAILED
/u/k/a/karu/courses/cs552/spring2013/handouts/testprograms/public/rand_final/t_146_all.asm FAILED
/u/k/a/karu/courses/cs552/spring2013/handouts/testprograms/public/rand_final/t_147_all.asm FAILED
/u/k/a/karu/courses/cs552/spring2013/handouts/testprograms/public/rand_final/t_148_all.asm FAILED
/u/k/a/karu/courses/cs552/spring2013/handouts/testprograms/public/rand_final/t_149_all.asm FAILED
/u/k/a/karu/courses/cs552/spring2013/handouts/testprograms/public/rand_final/t_14_mem.asm FAILED
/u/k/a/karu/courses/cs552/spring2013/handouts/testprograms/public/rand_final/t_150_all.asm FAILED
/u/k/a/karu/courses/cs552/spring2013/handouts/testprograms/public/rand_final/t_15_mem.asm FAILED
/u/k/a/karu/courses/cs552/spring2013/handouts/testprograms/public/rand_final/t_16_mem.asm FAILED
/u/k/a/karu/courses/cs552/spring2013/handouts/testprograms/public/rand_final/t_17_mem.asm FAILED
/u/k/a/karu/courses/cs552/spring2013/handouts/testprograms/public/rand_final/t_18_mem.asm FAILED
/u/k/a/karu/courses/cs552/spring2013/handouts/testprograms/public/rand_final/t_19_mem.asm FAILED
