SIMLOG:: Cycle           4 PC:     0000 I:     0000 R: 0   0     0000 M: 0 0     0000     0000
SIMLOG:: Cycle           5 PC:     0002 I:     0800 R: 0   0     0000 M: 0 0     0000     0000
SIMLOG:: Cycle           6 PC:     0004 I:     c164 R: 0   0     0000 M: 0 0     0000     0000
SIMLOG:: Cycle           7 PC:     0006 I:     c263 R: 0   0     0000 M: 0 0     0000     0000
SIMLOG:: Cycle           8 PC:     0008 I:     d94c R: 1   1     0064 M: 0 0     0000     0000
SIMLOG:: Cycle           9 PC:     000a I:     db28 R: 1   2     0063 M: 0 0     00c7     0000
SIMLOG:: Cycle          10 PC:     000c I:     d950 R: 1   3     00c7 M: 0 0     012b     0064
SIMLOG:: Cycle          11 PC:     000e I:     da38 R: 1   2     012b M: 0 0     018f     0063
SIMLOG:: Cycle          12 PC:     0010 I:     d994 R: 1   4     018f M: 0 0     018f     0064
SIMLOG:: Cycle          13 PC:     0012 I:     dd30 R: 1   6     018f M: 0 0     01f3     0000
SIMLOG:: Cycle          14 PC:     0014 I:     0000 R: 1   5     01f3 M: 0 0     0257     0064
SIMLOG:: Cycle          15 PC:     0016 I:     0000 R: 1   4     0257 M: 0 0     0000     0000
SIMLOG:: Cycle          16 PC:     0018 I:     0000 R: 0   0     0000 M: 0 0     0000     0000
SIMLOG:: Processor halted

SIMLOG:: sim_cycles          16

SIMLOG:: inst_count           9

SIMLOG:: dcachehit_count           0

SIMLOG:: icachehit_count           0

SIMLOG:: dcachereq_count           0

SIMLOG:: icachereq_count           0

